2025-04-13 21:30:40 [INFO] system: Logging system initialized
2025-04-13 21:30:40 [ERROR] src.entities.Stars: Not enough available positions to place stars.
2025-04-13 21:30:40 [INFO] src.ui.sound_manager: Sound system initialized successfully
2025-04-13 21:30:40 [WARNING] src.ui.sound_manager: Could not load sound: click
2025-04-13 21:30:40 [WARNING] src.ui.sound_manager: Could not load sound: hover
2025-04-13 21:30:40 [WARNING] src.ui.sound_manager: Could not load sound: transition
2025-04-13 21:30:40 [WARNING] src.ui.sound_manager: Could not load sound: start_game
2025-04-13 21:30:40 [WARNING] src.ui.sound_manager: Could not load sound: win
2025-04-13 21:30:40 [INFO] src.ui.menu_manager: Menu system initialized
2025-04-13 21:30:40 [INFO] src.ui.menu_manager: Drawing background for menu: main
2025-04-13 21:30:40 [INFO] src.ui.menu_manager: Drawing background for menu: main
2025-04-13 21:30:40 [INFO] src.ui.menu_manager: Drawing background for menu: main
2025-04-13 21:30:40 [INFO] src.ui.menu_manager: Drawing background for menu: main
2025-04-13 21:30:40 [INFO] src.ui.menu_manager: Drawing background for menu: main
2025-04-13 21:30:40 [INFO] src.ui.menu_manager: Drawing background for menu: main
2025-04-13 21:30:40 [INFO] src.ui.menu_manager: Drawing background for menu: main
2025-04-13 21:30:40 [INFO] src.ui.menu_manager: Drawing background for menu: main
2025-04-13 21:30:40 [INFO] src.ui.menu_manager: Drawing background for menu: main
2025-04-13 21:30:40 [INFO] src.ui.menu_manager: Drawing background for menu: main
2025-04-13 21:30:40 [INFO] src.ui.menu_manager: Drawing background for menu: main
2025-04-13 21:30:40 [INFO] src.ui.menu_manager: Drawing background for menu: main
2025-04-13 21:30:40 [INFO] src.ui.menu_manager: Drawing background for menu: main
2025-04-13 21:30:40 [INFO] src.ui.menu_manager: Drawing background for menu: main
2025-04-13 21:30:40 [INFO] src.ui.menu_manager: Drawing background for menu: main
2025-04-13 21:30:40 [INFO] src.ui.menu_manager: Drawing background for menu: main
2025-04-13 21:30:40 [INFO] src.ui.menu_manager: Drawing background for menu: main
2025-04-13 21:30:40 [INFO] src.ui.menu_manager: Drawing background for menu: main
2025-04-13 21:30:41 [INFO] src.ui.menu_manager: Drawing background for menu: main
2025-04-13 21:30:41 [INFO] src.ui.menu_manager: Drawing background for menu: main
2025-04-13 21:30:41 [INFO] src.ui.menu_manager: Drawing background for menu: main
2025-04-13 21:30:41 [INFO] src.ui.menu_manager: Drawing background for menu: main
2025-04-13 21:30:41 [INFO] src.ui.menu_manager: Drawing background for menu: main
2025-04-13 21:30:41 [INFO] src.ui.menu_manager: Drawing background for menu: main
2025-04-13 21:30:41 [INFO] src.ui.menu_manager: Drawing background for menu: main
2025-04-13 21:30:41 [INFO] src.ui.menu_manager: Drawing background for menu: main
2025-04-13 21:30:41 [INFO] src.ui.menu_manager: Drawing background for menu: main
2025-04-13 21:30:41 [INFO] src.ui.menu_manager: Drawing background for menu: main
2025-04-13 21:30:41 [INFO] src.ui.menu_manager: Drawing background for menu: main
2025-04-13 21:30:41 [INFO] src.ui.menu_manager: Drawing background for menu: main
2025-04-13 21:30:41 [INFO] src.ui.menu_manager: Drawing background for menu: main
2025-04-13 21:30:41 [INFO] src.ui.menu_manager: Drawing background for menu: main
2025-04-13 21:30:41 [INFO] src.ui.menu_manager: Drawing background for menu: main
2025-04-13 21:30:41 [INFO] src.ui.menu_manager: Drawing background for menu: main
2025-04-13 21:30:41 [INFO] src.ui.menu_manager: Drawing background for menu: main
2025-04-13 21:30:41 [INFO] src.ui.menu_manager: Drawing background for menu: main
2025-04-13 21:30:41 [INFO] src.ui.menu_manager: Drawing background for menu: main
2025-04-13 21:30:41 [INFO] src.ui.menu_manager: Drawing background for menu: main
2025-04-13 21:30:41 [INFO] src.ui.menu_manager: Drawing background for menu: main
2025-04-13 21:30:41 [INFO] src.ui.menu_manager: Drawing background for menu: main
2025-04-13 21:30:41 [INFO] src.ui.menu_manager: Drawing background for menu: main
2025-04-13 21:30:41 [INFO] src.ui.menu_manager: Drawing background for menu: main
2025-04-13 21:30:41 [INFO] src.ui.menu_manager: Drawing background for menu: main
2025-04-13 21:30:41 [INFO] src.ui.menu_manager: Drawing background for menu: main
2025-04-13 21:30:41 [INFO] src.ui.menu_manager: Drawing background for menu: main
2025-04-13 21:30:41 [INFO] src.ui.menu_manager: Drawing background for menu: main
2025-04-13 21:30:41 [INFO] src.ui.menu_manager: Drawing background for menu: main
2025-04-13 21:30:41 [INFO] src.ui.menu_manager: Drawing background for menu: main
2025-04-13 21:30:41 [INFO] src.ui.menu_manager: Drawing background for menu: main
2025-04-13 21:30:41 [INFO] src.ui.menu_manager: Drawing background for menu: main
2025-04-13 21:30:41 [INFO] src.ui.menu_manager: Drawing background for menu: main
2025-04-13 21:30:41 [INFO] src.ui.menu_manager: Drawing background for menu: main
2025-04-13 21:30:41 [INFO] src.ui.menu_manager: Drawing background for menu: main
2025-04-13 21:30:41 [INFO] src.ui.menu_manager: Drawing background for menu: main
2025-04-13 21:30:41 [INFO] src.ui.menu_manager: Drawing background for menu: main
2025-04-13 21:30:41 [INFO] src.ui.menu_manager: Drawing background for menu: main
2025-04-13 21:30:41 [INFO] src.ui.menu_manager: Drawing background for menu: main
2025-04-13 21:30:41 [INFO] src.ui.menu_manager: Drawing background for menu: main
2025-04-13 21:30:41 [INFO] src.ui.menu_manager: Drawing background for menu: main
2025-04-13 21:30:41 [INFO] src.ui.menu_manager: Drawing background for menu: main
2025-04-13 21:30:41 [INFO] src.ui.menu_manager: Drawing background for menu: main
2025-04-13 21:30:41 [INFO] src.ui.menu_manager: Drawing background for menu: main
2025-04-13 21:30:41 [INFO] src.ui.menu_manager: Drawing background for menu: main
2025-04-13 21:30:41 [INFO] src.ui.menu_manager: Drawing background for menu: main
2025-04-13 21:30:41 [INFO] src.ui.menu_manager: Drawing background for menu: main
2025-04-13 21:30:41 [INFO] src.ui.menu_manager: Drawing background for menu: main
2025-04-13 21:30:41 [INFO] src.ui.menu_manager: Drawing background for menu: main
2025-04-13 21:30:41 [INFO] src.ui.menu_manager: Drawing background for menu: main
2025-04-13 21:30:41 [INFO] src.ui.menu_manager: Drawing background for menu: main
2025-04-13 21:30:41 [INFO] src.ui.menu_manager: Drawing background for menu: main
2025-04-13 21:30:41 [INFO] src.ui.menu_manager: Drawing background for menu: main
2025-04-13 21:30:41 [INFO] src.ui.menu_manager: Drawing background for menu: main
2025-04-13 21:30:41 [INFO] src.ui.menu_manager: Drawing background for menu: main
2025-04-13 21:30:41 [INFO] src.ui.menu_manager: Drawing background for menu: main
2025-04-13 21:30:41 [INFO] src.ui.menu_manager: Drawing background for menu: main
2025-04-13 21:30:41 [INFO] src.ui.menu_manager: Drawing background for menu: main
2025-04-13 21:30:41 [INFO] src.ui.menu_manager: Drawing background for menu: main
2025-04-13 21:30:41 [INFO] src.ui.menu_manager: Drawing background for menu: main
2025-04-13 21:30:42 [INFO] src.ui.menu_manager: Drawing background for menu: main
2025-04-13 21:30:42 [INFO] src.ui.menu_manager: Drawing background for menu: main
2025-04-13 21:30:42 [INFO] src.ui.menu_manager: Drawing background for menu: main
2025-04-13 21:30:42 [INFO] src.ui.menu_manager: Drawing background for menu: main
2025-04-13 21:30:42 [INFO] src.ui.menu_manager: Drawing background for menu: main
2025-04-13 21:30:42 [INFO] src.ui.menu_manager: Drawing background for menu: main
2025-04-13 21:30:42 [INFO] src.ui.menu_manager: Drawing background for menu: main
2025-04-13 21:30:42 [INFO] src.ui.menu_manager: Drawing background for menu: main
2025-04-13 21:30:42 [INFO] src.ui.menu_manager: Drawing background for menu: main
2025-04-13 21:30:42 [INFO] src.ui.menu_manager: Drawing background for menu: main
2025-04-13 21:30:42 [INFO] src.ui.menu_manager: Drawing background for menu: main
2025-04-13 21:30:42 [INFO] src.ui.menu_manager: Drawing background for menu: main
2025-04-13 21:30:42 [INFO] src.ui.menu_manager: Drawing background for menu: main
2025-04-13 21:30:42 [INFO] src.ui.menu_manager: Drawing background for menu: main
2025-04-13 21:30:42 [INFO] src.ui.menu_manager: Drawing background for menu: main
2025-04-13 21:30:42 [INFO] src.ui.menu_manager: Drawing background for menu: main
2025-04-13 21:30:42 [INFO] src.ui.menu_manager: Drawing background for menu: main
2025-04-13 21:30:42 [INFO] src.ui.menu_manager: Drawing background for menu: main
2025-04-13 21:30:42 [INFO] src.ui.menu_manager: Drawing background for menu: main
2025-04-13 21:30:42 [INFO] src.ui.menu_manager: Drawing background for menu: main
2025-04-13 21:30:42 [INFO] src.ui.menu_manager: Drawing background for menu: main
2025-04-13 21:30:42 [INFO] src.ui.menu_manager: Drawing background for menu: main
2025-04-13 21:30:42 [INFO] src.ui.menu_manager: Drawing background for menu: main
2025-04-13 21:30:42 [INFO] src.ui.menu_manager: Drawing background for menu: main
2025-04-13 21:30:42 [INFO] src.ui.menu_manager: Drawing background for menu: main
2025-04-13 21:30:42 [INFO] src.ui.menu_manager: Drawing background for menu: main
2025-04-13 21:30:42 [INFO] src.ui.menu_manager: Drawing background for menu: main
2025-04-13 21:30:42 [INFO] src.ui.menu_manager: Drawing background for menu: main
2025-04-13 21:30:42 [INFO] src.ui.menu_manager: Drawing background for menu: main
2025-04-13 21:30:42 [INFO] src.ui.menu_manager: Drawing background for menu: main
2025-04-13 21:30:42 [INFO] src.ui.menu_manager: Drawing background for menu: main
2025-04-13 21:30:42 [INFO] src.ui.menu_manager: Drawing background for menu: main
2025-04-13 21:30:42 [INFO] src.ui.menu_manager: Drawing background for menu: main
2025-04-13 21:30:42 [INFO] src.ui.menu_manager: Drawing background for menu: main
2025-04-13 21:30:42 [INFO] src.ui.menu_manager: Drawing background for menu: main
2025-04-13 21:30:42 [INFO] src.ui.menu_manager: Drawing background for menu: main
2025-04-13 21:30:42 [INFO] src.ui.menu_manager: Drawing background for menu: main
2025-04-13 21:30:42 [INFO] src.ui.menu_manager: Drawing background for menu: main
2025-04-13 21:30:42 [INFO] src.ui.menu_manager: Drawing background for menu: main
2025-04-13 21:30:42 [INFO] src.ui.menu_manager: Drawing background for menu: main
2025-04-13 21:30:42 [INFO] src.ui.menu_manager: Drawing background for menu: main
2025-04-13 21:30:42 [INFO] src.ui.menu_manager: Drawing background for menu: main
2025-04-13 21:30:42 [INFO] src.ui.menu_manager: Drawing background for menu: main
2025-04-13 21:30:42 [INFO] src.ui.menu_manager: Drawing background for menu: main
2025-04-13 21:30:42 [INFO] src.ui.menu_manager: Drawing background for menu: main
2025-04-13 21:30:42 [INFO] src.ui.menu_manager: Drawing background for menu: main
2025-04-13 21:30:42 [INFO] src.ui.menu_manager: Drawing background for menu: main
2025-04-13 21:30:42 [INFO] src.ui.menu_manager: Drawing background for menu: main
2025-04-13 21:30:42 [INFO] src.ui.menu_manager: Drawing background for menu: main
2025-04-13 21:30:42 [INFO] src.ui.menu_manager: Drawing background for menu: main
2025-04-13 21:30:42 [INFO] src.ui.menu_manager: Drawing background for menu: main
2025-04-13 21:30:42 [INFO] src.ui.menu_manager: Drawing background for menu: main
2025-04-13 21:30:42 [INFO] src.ui.menu_manager: Drawing background for menu: main
2025-04-13 21:30:42 [INFO] src.ui.menu_manager: Drawing background for menu: main
2025-04-13 21:30:42 [INFO] src.ui.menu_manager: Drawing background for menu: main
2025-04-13 21:30:42 [INFO] src.ui.menu_manager: Drawing background for menu: main
2025-04-13 21:30:42 [INFO] src.ui.menu_manager: Drawing background for menu: main
2025-04-13 21:30:42 [INFO] src.ui.menu_manager: Drawing background for menu: main
2025-04-13 21:30:42 [INFO] src.ui.menu_manager: Drawing background for menu: main
2025-04-13 21:30:42 [INFO] src.ui.menu_manager: Drawing background for menu: main
2025-04-13 21:30:43 [INFO] src.ui.menu_manager: Drawing background for menu: main
2025-04-13 21:30:43 [INFO] src.ui.menu_manager: Drawing background for menu: main
2025-04-13 21:30:43 [INFO] src.ui.menu_manager: Drawing background for menu: main
2025-04-13 21:30:43 [INFO] src.ui.menu_manager: Drawing background for menu: main
2025-04-13 21:30:43 [INFO] src.ui.menu_manager: Drawing background for menu: main
2025-04-13 21:30:43 [INFO] src.ui.menu_manager: Drawing background for menu: main
2025-04-13 21:30:43 [INFO] src.ui.menu_manager: Drawing background for menu: main
2025-04-13 21:30:43 [INFO] src.ui.menu_manager: Drawing background for menu: main
2025-04-13 21:30:43 [INFO] src.ui.menu_manager: Drawing background for menu: main
2025-04-13 21:30:43 [INFO] src.ui.menu_manager: Drawing background for menu: main
2025-04-13 21:30:43 [INFO] src.ui.menu_manager: Drawing background for menu: main
2025-04-13 21:30:43 [INFO] src.ui.menu_manager: Drawing background for menu: main
2025-04-13 21:30:43 [INFO] src.ui.menu_manager: Drawing background for menu: main
2025-04-13 21:30:43 [INFO] src.ui.menu_manager: Drawing background for menu: main
2025-04-13 21:30:43 [INFO] src.ui.menu_manager: Drawing background for menu: main
2025-04-13 21:30:43 [INFO] src.ui.menu_manager: Drawing background for menu: main
2025-04-13 21:30:43 [INFO] src.ui.menu_manager: Drawing background for menu: main
2025-04-13 21:30:43 [INFO] src.ui.menu_manager: Drawing background for menu: main
2025-04-13 21:30:43 [INFO] src.ui.menu_manager: Drawing background for menu: main
2025-04-13 21:30:43 [INFO] src.ui.menu_manager: Drawing background for menu: main
2025-04-13 21:30:43 [INFO] src.ui.menu_manager: Drawing background for menu: main
2025-04-13 21:30:43 [INFO] src.ui.menu_manager: Drawing background for menu: main
2025-04-13 21:30:43 [INFO] src.ui.menu_manager: Drawing background for menu: main
2025-04-13 21:30:43 [INFO] src.ui.menu_manager: Drawing background for menu: main
2025-04-13 21:30:43 [INFO] src.ui.menu_manager: Drawing background for menu: main
2025-04-13 21:30:43 [INFO] src.ui.menu_manager: Drawing background for menu: main
2025-04-13 21:30:43 [INFO] src.ui.menu_manager: Drawing background for menu: main
2025-04-13 21:30:43 [INFO] src.ui.menu_manager: Drawing background for menu: main
2025-04-13 21:30:43 [INFO] src.ui.menu_manager: Drawing background for menu: main
2025-04-13 21:30:43 [INFO] src.ui.menu_manager: Drawing background for menu: main
2025-04-13 21:30:43 [INFO] src.ui.menu_manager: Drawing background for menu: main
2025-04-13 21:30:43 [INFO] src.ui.menu_manager: Drawing background for menu: main
2025-04-13 21:30:43 [INFO] src.ui.menu_manager: Drawing background for menu: main
2025-04-13 21:30:43 [INFO] src.ui.menu_manager: Drawing background for menu: main
2025-04-13 21:30:43 [INFO] src.ui.menu_manager: Drawing background for menu: main
2025-04-13 21:30:43 [INFO] src.ui.menu_manager: Drawing background for menu: main
2025-04-13 21:30:43 [INFO] src.ui.menu_manager: Drawing background for menu: main
2025-04-13 21:30:43 [INFO] src.ui.menu_manager: Drawing background for menu: main
2025-04-13 21:30:43 [INFO] src.ui.menu_manager: Drawing background for menu: main
2025-04-13 21:30:43 [INFO] src.ui.menu_manager: Drawing background for menu: main
2025-04-13 21:30:43 [INFO] src.ui.menu_manager: Drawing background for menu: main
2025-04-13 21:30:43 [INFO] src.ui.menu_manager: Drawing background for menu: main
2025-04-13 21:30:43 [INFO] src.ui.menu_manager: Drawing background for menu: main
2025-04-13 21:30:43 [INFO] src.ui.menu_manager: Drawing background for menu: main
2025-04-13 21:30:43 [INFO] src.ui.menu_manager: Drawing background for menu: main
2025-04-13 21:30:43 [INFO] src.ui.menu_manager: Drawing background for menu: main
2025-04-13 21:30:43 [INFO] src.ui.menu_manager: Drawing background for menu: main
2025-04-13 21:30:43 [INFO] src.ui.menu_manager: Drawing background for menu: main
2025-04-13 21:30:43 [INFO] src.ui.menu_manager: Drawing background for menu: main
2025-04-13 21:30:43 [INFO] src.ui.menu_manager: Drawing background for menu: main
2025-04-13 21:30:43 [INFO] src.ui.menu_manager: Drawing background for menu: main
2025-04-13 21:30:43 [INFO] src.ui.menu_manager: Drawing background for menu: main
2025-04-13 21:30:43 [INFO] src.ui.menu_manager: Drawing background for menu: main
2025-04-13 21:30:43 [INFO] src.ui.menu_manager: Drawing background for menu: main
2025-04-13 21:30:43 [INFO] src.ui.menu_manager: Drawing background for menu: main
2025-04-13 21:30:43 [INFO] src.ui.menu_manager: Drawing background for menu: main
2025-04-13 21:30:43 [INFO] src.ui.menu_manager: Drawing background for menu: main
2025-04-13 21:30:43 [INFO] src.ui.menu_manager: Drawing background for menu: main
2025-04-13 21:30:43 [INFO] src.ui.menu_manager: Drawing background for menu: main
2025-04-13 21:30:43 [INFO] src.ui.menu_manager: Drawing background for menu: main
2025-04-13 21:30:43 [INFO] src.ui.menu_manager: Drawing background for menu: main
2025-04-13 21:30:44 [INFO] src.ui.menu_manager: Drawing background for menu: main
2025-04-13 21:30:44 [INFO] src.ui.menu_manager: Drawing background for menu: main
2025-04-13 21:30:44 [INFO] src.ui.menu_manager: Drawing background for menu: main
2025-04-13 21:30:44 [INFO] src.ui.menu_manager: Drawing background for menu: main
2025-04-13 21:30:44 [INFO] src.ui.menu_manager: Drawing background for menu: main
2025-04-13 21:30:44 [INFO] src.ui.menu_manager: Drawing background for menu: main
2025-04-13 21:30:44 [INFO] src.ui.menu_manager: Drawing background for menu: main
2025-04-13 21:30:44 [INFO] src.ui.menu_manager: Drawing background for menu: main
2025-04-13 21:30:44 [INFO] src.ui.menu_manager: Drawing background for menu: main
2025-04-13 21:30:44 [INFO] src.ui.menu_manager: Drawing background for menu: main
2025-04-13 21:30:44 [INFO] src.ui.menu_manager: Drawing background for menu: main
2025-04-13 21:30:44 [INFO] src.ui.menu_manager: Drawing background for menu: main
2025-04-13 21:30:44 [INFO] src.ui.menu_manager: Drawing background for menu: main
2025-04-13 21:30:44 [INFO] src.ui.menu_manager: Drawing background for menu: main
2025-04-13 21:30:44 [INFO] src.ui.menu_manager: Drawing background for menu: main
2025-04-13 21:30:44 [INFO] src.ui.menu_manager: Drawing background for menu: main
2025-04-13 21:30:44 [INFO] src.ui.menu_manager: Drawing background for menu: main
2025-04-13 21:30:44 [INFO] src.ui.menu_manager: Drawing background for menu: main
2025-04-13 21:30:44 [INFO] src.ui.menu_manager: Drawing background for menu: main
2025-04-13 21:30:44 [INFO] src.ui.menu_manager: Drawing background for menu: main
2025-04-13 21:30:44 [INFO] src.ui.menu_manager: Drawing background for menu: main
2025-04-13 21:30:44 [INFO] src.ui.menu_manager: Drawing background for menu: main
2025-04-13 21:30:44 [INFO] src.ui.menu_manager: Drawing background for menu: main
2025-04-13 21:30:44 [INFO] src.ui.menu_manager: Drawing background for menu: main
2025-04-13 21:30:44 [INFO] src.ui.menu_manager: Drawing background for menu: main
2025-04-13 21:30:44 [INFO] src.ui.menu_manager: Drawing background for menu: main
2025-04-13 21:30:44 [INFO] src.ui.menu_manager: Drawing background for menu: main
2025-04-13 21:30:44 [INFO] src.ui.menu_manager: Drawing background for menu: main
2025-04-13 21:30:44 [INFO] src.ui.menu_manager: Drawing background for menu: main
2025-04-13 21:30:44 [INFO] src.ui.menu_manager: Drawing background for menu: main
2025-04-13 21:30:44 [INFO] src.ui.menu_manager: Drawing background for menu: main
2025-04-13 21:30:44 [INFO] src.ui.menu_manager: Drawing background for menu: main
2025-04-13 21:30:44 [INFO] src.ui.menu_manager: Drawing background for menu: main
2025-04-13 21:30:44 [INFO] src.ui.menu_manager: Drawing background for menu: main
2025-04-13 21:30:44 [INFO] src.ui.menu_manager: Drawing background for menu: main
2025-04-13 21:30:44 [INFO] src.ui.menu_manager: Drawing background for menu: main
2025-04-13 21:30:44 [INFO] src.ui.menu_manager: Drawing background for menu: main
2025-04-13 21:30:44 [INFO] src.ui.menu_manager: Drawing background for menu: main
2025-04-13 21:30:44 [INFO] src.ui.menu_manager: Drawing background for menu: main
2025-04-13 21:30:44 [INFO] src.ui.menu_manager: Drawing background for menu: main
2025-04-13 21:30:44 [INFO] src.ui.menu_manager: Drawing background for menu: main
2025-04-13 21:30:44 [INFO] src.ui.menu_manager: Drawing background for menu: main
2025-04-13 21:30:44 [INFO] src.ui.menu_manager: Drawing background for menu: main
2025-04-13 21:30:44 [INFO] src.ui.menu_manager: Drawing background for menu: main
2025-04-13 21:30:44 [INFO] src.ui.menu_manager: Drawing background for menu: main
2025-04-13 21:30:44 [INFO] src.ui.menu_manager: Drawing background for menu: main
2025-04-13 21:30:44 [INFO] src.ui.menu_manager: Drawing background for menu: main
2025-04-13 21:30:44 [INFO] src.ui.menu_manager: Drawing background for menu: main
2025-04-13 21:30:44 [INFO] src.ui.menu_manager: Drawing background for menu: main
2025-04-13 21:30:44 [INFO] src.ui.menu_manager: Drawing background for menu: main
2025-04-13 21:30:44 [INFO] src.ui.menu_manager: Drawing background for menu: main
2025-04-13 21:30:44 [INFO] src.ui.menu_manager: Drawing background for menu: main
2025-04-13 21:30:44 [INFO] src.ui.menu_manager: Drawing background for menu: main
2025-04-13 21:30:44 [INFO] src.ui.menu_manager: Drawing background for menu: main
2025-04-13 21:30:44 [INFO] src.ui.menu_manager: Drawing background for menu: main
2025-04-13 21:30:44 [INFO] src.ui.menu_manager: Drawing background for menu: main
2025-04-13 21:30:44 [INFO] src.ui.menu_manager: Drawing background for menu: main
2025-04-13 21:30:44 [INFO] src.ui.menu_manager: Drawing background for menu: main
2025-04-13 21:30:44 [INFO] src.ui.menu_manager: Drawing background for menu: main
2025-04-13 21:30:44 [INFO] src.ui.menu_manager: Drawing background for menu: main
2025-04-13 21:30:45 [INFO] src.ui.menu_manager: Drawing background for menu: main
2025-04-13 21:30:45 [INFO] src.ui.menu_manager: Drawing background for menu: main
2025-04-13 21:30:45 [INFO] src.ui.menu_manager: Drawing background for menu: main
2025-04-13 21:30:45 [INFO] src.ui.menu_manager: Drawing background for menu: main
2025-04-13 21:30:45 [INFO] src.ui.menu_manager: Drawing background for menu: main
2025-04-13 21:30:45 [INFO] src.ui.menu_manager: Drawing background for menu: main
2025-04-13 21:30:45 [INFO] src.ui.menu_manager: Drawing background for menu: main
2025-04-13 21:30:45 [INFO] src.ui.menu_manager: Drawing background for menu: main
2025-04-13 21:30:45 [INFO] src.ui.menu_manager: Drawing background for menu: main
2025-04-13 21:30:45 [INFO] src.ui.menu_manager: Drawing background for menu: main
2025-04-13 21:30:45 [INFO] src.ui.menu_manager: Drawing background for menu: main
2025-04-13 21:30:45 [INFO] src.ui.menu_manager: Drawing background for menu: main
2025-04-13 21:30:45 [INFO] src.ui.menu_manager: Drawing background for menu: main
2025-04-13 21:30:45 [INFO] src.ui.menu_manager: Drawing background for menu: main
2025-04-13 21:30:45 [INFO] src.ui.menu_manager: Drawing background for menu: main
2025-04-13 21:30:45 [INFO] src.ui.menu_manager: Drawing background for menu: main
2025-04-13 21:30:45 [INFO] src.ui.menu_manager: Drawing background for menu: main
2025-04-13 21:30:45 [INFO] src.ui.menu_manager: Drawing background for menu: main
2025-04-13 21:30:45 [INFO] src.ui.menu_manager: Drawing background for menu: main
2025-04-13 21:30:45 [INFO] src.ui.menu_manager: Drawing background for menu: main
2025-04-13 21:30:45 [INFO] src.ui.menu_manager: Drawing background for menu: main
2025-04-13 21:30:45 [INFO] src.ui.menu_manager: Drawing background for menu: main
2025-04-13 21:30:45 [INFO] src.ui.menu_manager: Drawing background for menu: main
2025-04-13 21:30:45 [INFO] src.ui.menu_manager: Drawing background for menu: main
2025-04-13 21:30:45 [INFO] src.ui.menu_manager: Drawing background for menu: main
2025-04-13 21:30:45 [INFO] src.ui.menu_manager: Drawing background for menu: main
2025-04-13 21:30:45 [INFO] src.ui.menu_manager: Drawing background for menu: main
2025-04-13 21:30:45 [INFO] src.ui.menu_manager: Drawing background for menu: main
2025-04-13 21:30:45 [INFO] src.ui.menu_manager: Drawing background for menu: main
2025-04-13 21:30:45 [INFO] src.ui.menu_manager: Drawing background for menu: main
2025-04-13 21:30:45 [INFO] src.ui.menu_manager: Drawing background for menu: main
2025-04-13 21:30:45 [INFO] src.ui.menu_manager: Drawing background for menu: main
2025-04-13 21:30:45 [INFO] src.ui.menu_manager: Drawing background for menu: main
2025-04-13 21:30:45 [INFO] src.ui.menu_manager: Drawing background for menu: main
2025-04-13 21:30:45 [INFO] src.ui.menu_manager: Drawing background for menu: main
2025-04-13 21:30:45 [INFO] src.ui.menu_manager: Drawing background for menu: main
2025-04-13 21:30:45 [INFO] src.ui.menu_manager: Drawing background for menu: main
2025-04-13 21:30:45 [INFO] src.ui.menu_manager: Drawing background for menu: main
2025-04-13 21:30:45 [INFO] src.ui.menu_manager: Drawing background for menu: main
2025-04-13 21:30:45 [INFO] src.ui.menu_manager: Drawing background for menu: main
2025-04-13 21:30:45 [INFO] src.ui.menu_manager: Drawing background for menu: main
2025-04-13 21:30:45 [INFO] src.ui.menu_manager: Drawing background for menu: main
2025-04-13 21:30:45 [INFO] src.ui.menu_manager: Drawing background for menu: main
2025-04-13 21:30:45 [INFO] src.ui.menu_manager: Drawing background for menu: main
2025-04-13 21:30:45 [INFO] src.ui.menu_manager: Drawing background for menu: main
2025-04-13 21:30:45 [INFO] src.ui.menu_manager: Drawing background for menu: main
2025-04-13 21:30:45 [INFO] src.ui.menu_manager: Drawing background for menu: main
2025-04-13 21:30:45 [INFO] src.ui.menu_manager: Drawing background for menu: main
2025-04-13 21:30:45 [INFO] src.ui.menu_manager: Drawing background for menu: main
2025-04-13 21:30:45 [INFO] src.ui.menu_manager: Drawing background for menu: main
2025-04-13 21:30:45 [INFO] src.ui.menu_manager: Drawing background for menu: main
2025-04-13 21:30:45 [INFO] src.ui.menu_manager: Drawing background for menu: main
2025-04-13 21:30:45 [INFO] src.ui.menu_manager: Drawing background for menu: main
2025-04-13 21:30:45 [INFO] src.ui.menu_manager: Drawing background for menu: main
2025-04-13 21:30:45 [INFO] src.ui.menu_manager: Drawing background for menu: main
2025-04-13 21:30:45 [INFO] src.ui.menu_manager: Drawing background for menu: main
2025-04-13 21:30:45 [INFO] src.ui.menu_manager: Drawing background for menu: main
2025-04-13 21:30:45 [INFO] src.ui.menu_manager: Drawing background for menu: main
2025-04-13 21:30:45 [INFO] src.ui.menu_manager: Drawing background for menu: main
2025-04-13 21:30:45 [INFO] src.ui.menu_manager: Drawing background for menu: main
2025-04-13 21:30:46 [INFO] src.ui.menu_manager: Drawing background for menu: main
2025-04-13 21:30:46 [INFO] src.ui.menu_manager: Drawing background for menu: main
2025-04-13 21:30:46 [INFO] src.ui.menu_manager: Drawing background for menu: main
2025-04-13 21:30:46 [INFO] src.ui.menu_manager: Drawing background for menu: main
2025-04-13 21:30:46 [INFO] src.ui.menu_manager: Drawing background for menu: main
2025-04-13 21:30:46 [INFO] src.ui.menu_manager: Drawing background for menu: main
2025-04-13 21:30:46 [INFO] src.ui.menu_manager: Drawing background for menu: main
2025-04-13 21:30:46 [INFO] src.ui.menu_manager: Drawing background for menu: main
2025-04-13 21:30:46 [INFO] src.ui.menu_manager: Drawing background for menu: main
2025-04-13 21:30:46 [INFO] src.ui.menu_manager: Drawing background for menu: main
2025-04-13 21:30:46 [INFO] src.ui.menu_manager: Drawing background for menu: main
2025-04-13 21:30:46 [INFO] src.ui.menu_manager: Drawing background for menu: main
2025-04-13 21:30:46 [INFO] src.ui.menu_manager: Drawing background for menu: main
2025-04-13 21:30:46 [INFO] src.ui.menu_manager: Drawing background for menu: main
2025-04-13 21:30:46 [INFO] src.ui.menu_manager: Drawing background for menu: main
2025-04-13 21:30:46 [INFO] src.ui.menu_manager: Drawing background for menu: main
2025-04-13 21:30:46 [INFO] src.ui.menu_manager: Drawing background for menu: main
2025-04-13 21:30:46 [INFO] src.ui.menu_manager: Drawing background for menu: main
2025-04-13 21:30:46 [INFO] src.ui.menu_manager: Drawing background for menu: main
2025-04-13 21:30:46 [INFO] src.ui.menu_manager: Drawing background for menu: main
2025-04-13 21:30:46 [INFO] src.ui.menu_manager: Drawing background for menu: main
2025-04-13 21:30:46 [INFO] src.ui.menu_manager: Drawing background for menu: main
2025-04-13 21:30:46 [INFO] src.ui.menu_manager: Drawing background for menu: main
2025-04-13 21:30:46 [INFO] src.ui.menu_manager: Drawing background for menu: main
2025-04-13 21:30:46 [INFO] src.ui.menu_manager: Drawing background for menu: main
2025-04-13 21:30:46 [INFO] src.ui.menu_manager: Drawing background for menu: main
2025-04-13 21:30:46 [INFO] src.ui.menu_manager: Drawing background for menu: main
2025-04-13 21:30:46 [INFO] src.ui.menu_manager: Drawing background for menu: main
2025-04-13 21:30:46 [INFO] src.ui.menu_manager: Drawing background for menu: main
2025-04-13 21:30:46 [INFO] src.ui.menu_manager: Drawing background for menu: main
2025-04-13 21:30:46 [INFO] src.ui.menu_manager: Drawing background for menu: main
2025-04-13 21:30:46 [INFO] src.ui.menu_manager: Drawing background for menu: main
2025-04-13 21:30:46 [INFO] src.ui.menu_manager: Drawing background for menu: main
2025-04-13 21:30:46 [INFO] src.ui.menu_manager: Drawing background for menu: main
2025-04-13 21:30:46 [INFO] src.ui.menu_manager: Drawing background for menu: main
2025-04-13 21:30:46 [INFO] src.ui.menu_manager: Drawing background for menu: main
2025-04-13 21:30:46 [INFO] src.ui.menu_manager: Drawing background for menu: main
2025-04-13 21:30:46 [INFO] src.ui.menu_manager: Drawing background for menu: main
2025-04-13 21:30:46 [INFO] src.ui.menu_manager: Drawing background for menu: main
2025-04-13 21:30:46 [INFO] src.ui.menu_manager: Drawing background for menu: main
2025-04-13 21:30:46 [INFO] src.ui.menu_manager: Drawing background for menu: main
2025-04-13 21:30:46 [INFO] src.ui.menu_manager: Drawing background for menu: main
2025-04-13 21:30:46 [INFO] src.ui.menu_manager: Drawing background for menu: main
2025-04-13 21:30:46 [INFO] src.ui.menu_manager: Drawing background for menu: main
2025-04-13 21:30:46 [INFO] src.ui.menu_manager: Drawing background for menu: main
2025-04-13 21:30:46 [INFO] src.ui.menu_manager: Drawing background for menu: main
2025-04-13 21:30:46 [INFO] src.ui.menu_manager: Drawing background for menu: main
2025-04-13 21:30:46 [INFO] src.ui.menu_manager: Drawing background for menu: main
2025-04-13 21:30:46 [INFO] src.ui.menu_manager: Drawing background for menu: main
2025-04-13 21:30:46 [INFO] src.ui.menu_manager: Drawing background for menu: main
2025-04-13 21:30:46 [INFO] src.ui.menu_manager: Drawing background for menu: main
2025-04-13 21:30:46 [INFO] src.ui.menu_manager: Drawing background for menu: main
2025-04-13 21:30:46 [INFO] src.ui.menu_manager: Drawing background for menu: main
2025-04-13 21:30:46 [INFO] src.ui.menu_manager: Drawing background for menu: main
2025-04-13 21:30:46 [INFO] src.ui.menu_manager: Drawing background for menu: main
2025-04-13 21:30:46 [INFO] src.ui.menu_manager: Drawing background for menu: main
2025-04-13 21:30:46 [INFO] src.ui.menu_manager: Drawing background for menu: main
2025-04-13 21:30:46 [INFO] src.ui.menu_manager: Drawing background for menu: main
2025-04-13 21:30:46 [INFO] src.ui.menu_manager: Drawing background for menu: main
2025-04-13 21:30:46 [INFO] src.ui.menu_manager: Drawing background for menu: main
2025-04-13 21:30:47 [INFO] src.ui.menu_manager: Drawing background for menu: main
2025-04-13 21:30:47 [INFO] src.ui.menu_manager: Drawing background for menu: main
2025-04-13 21:30:47 [INFO] src.ui.menu_manager: Drawing background for menu: main
2025-04-13 21:30:47 [INFO] src.ui.menu_manager: Drawing background for menu: main
2025-04-13 21:30:47 [INFO] src.ui.menu_manager: Drawing background for menu: main
2025-04-13 21:30:47 [INFO] src.ui.menu_manager: Drawing background for menu: main
2025-04-13 21:30:47 [INFO] src.ui.menu_manager: Drawing background for menu: main
2025-04-13 21:30:47 [INFO] src.ui.menu_manager: Drawing background for menu: main
2025-04-13 21:30:47 [INFO] src.ui.menu_manager: Drawing background for menu: main
2025-04-13 21:30:47 [INFO] src.ui.menu_manager: Drawing background for menu: main
2025-04-13 21:30:47 [INFO] src.ui.menu_manager: Drawing background for menu: main
2025-04-13 21:30:47 [INFO] src.ui.menu_manager: Drawing background for menu: main
2025-04-13 21:30:47 [INFO] src.ui.menu_manager: Drawing background for menu: main
2025-04-13 21:30:47 [INFO] src.ui.menu_manager: Drawing background for menu: main
2025-04-13 21:30:47 [INFO] src.ui.menu_manager: Drawing background for menu: main
2025-04-13 21:30:47 [INFO] src.ui.menu_manager: Drawing background for menu: main
2025-04-13 21:30:47 [INFO] src.ui.menu_manager: Drawing background for menu: main
2025-04-13 21:30:47 [INFO] src.ui.menu_manager: Drawing background for menu: main
2025-04-13 21:30:47 [INFO] src.ui.menu_manager: Drawing background for menu: main
2025-04-13 21:30:47 [INFO] src.ui.menu_manager: Drawing background for menu: main
2025-04-13 21:30:47 [INFO] src.ui.menu_manager: Drawing background for menu: main
2025-04-13 21:30:47 [INFO] src.ui.menu_manager: Drawing background for menu: main
2025-04-13 21:30:47 [INFO] src.ui.menu_manager: Drawing background for menu: main
2025-04-13 21:30:47 [INFO] src.ui.menu_manager: Drawing background for menu: main
2025-04-13 21:30:47 [INFO] src.ui.menu_manager: Drawing background for menu: main
2025-04-13 21:30:47 [INFO] src.ui.menu_manager: Drawing background for menu: main
2025-04-13 21:30:47 [INFO] src.ui.menu_manager: Drawing background for menu: main
2025-04-13 21:30:47 [INFO] src.ui.menu_manager: Drawing background for menu: main
2025-04-13 21:30:47 [INFO] src.ui.menu_manager: Drawing background for menu: main
2025-04-13 21:30:47 [INFO] src.ui.menu_manager: Drawing background for menu: main
2025-04-13 21:30:47 [INFO] src.ui.menu_manager: Drawing background for menu: main
2025-04-13 21:30:47 [INFO] src.ui.menu_manager: Drawing background for menu: main
2025-04-13 21:30:47 [INFO] src.ui.menu_manager: Drawing background for menu: main
2025-04-13 21:30:47 [INFO] src.ui.menu_manager: Drawing background for menu: main
2025-04-13 21:30:47 [INFO] src.ui.menu_manager: Drawing background for menu: main
2025-04-13 21:30:47 [INFO] src.ui.menu_manager: Drawing background for menu: main
2025-04-13 21:30:47 [INFO] src.ui.menu_manager: Drawing background for menu: main
2025-04-13 21:30:47 [INFO] src.ui.menu_manager: Drawing background for menu: main
2025-04-13 21:30:47 [INFO] src.ui.menu_manager: Drawing background for menu: main
2025-04-13 21:30:47 [INFO] src.ui.menu_manager: Drawing background for menu: main
2025-04-13 21:30:47 [INFO] src.ui.menu_manager: Drawing background for menu: main
2025-04-13 21:30:47 [INFO] src.ui.menu_manager: Drawing background for menu: main
2025-04-13 21:30:47 [INFO] src.ui.menu_manager: Drawing background for menu: main
2025-04-13 21:30:47 [INFO] src.ui.menu_manager: Drawing background for menu: main
2025-04-13 21:30:47 [INFO] src.ui.menu_manager: Drawing background for menu: main
2025-04-13 21:30:47 [INFO] src.ui.menu_manager: Drawing background for menu: main
2025-04-13 21:30:47 [INFO] src.ui.menu_manager: Drawing background for menu: main
2025-04-13 21:30:47 [INFO] src.ui.menu_manager: Drawing background for menu: main
2025-04-13 21:30:47 [INFO] src.ui.menu_manager: Drawing background for menu: main
2025-04-13 21:30:47 [INFO] src.ui.menu_manager: Drawing background for menu: main
2025-04-13 21:30:47 [INFO] src.ui.menu_manager: Drawing background for menu: main
2025-04-13 21:30:47 [INFO] src.ui.menu_manager: Drawing background for menu: main
2025-04-13 21:30:47 [INFO] src.ui.menu_manager: Drawing background for menu: main
2025-04-13 21:30:47 [INFO] src.ui.menu_manager: Drawing background for menu: main
2025-04-13 21:30:47 [INFO] src.ui.menu_manager: Drawing background for menu: main
2025-04-13 21:30:47 [INFO] src.ui.menu_manager: Drawing background for menu: main
2025-04-13 21:30:47 [INFO] src.ui.menu_manager: Drawing background for menu: main
2025-04-13 21:30:47 [INFO] src.ui.menu_manager: Drawing background for menu: main
2025-04-13 21:30:47 [INFO] src.ui.menu_manager: Drawing background for menu: main
2025-04-13 21:30:47 [INFO] src.ui.menu_manager: Drawing background for menu: main
2025-04-13 21:30:48 [INFO] src.ui.menu_manager: Drawing background for menu: main
2025-04-13 21:30:48 [INFO] src.ui.menu_manager: Drawing background for menu: main
2025-04-13 21:30:48 [INFO] src.ui.menu_manager: Drawing background for menu: main
2025-04-13 21:30:48 [INFO] src.ui.menu_manager: Drawing background for menu: main
2025-04-13 21:30:48 [INFO] src.ui.menu_manager: Drawing background for menu: main
2025-04-13 21:30:48 [INFO] src.ui.menu_manager: Drawing background for menu: main
2025-04-13 21:30:48 [INFO] src.ui.menu_manager: Drawing background for menu: main
2025-04-13 21:30:48 [INFO] src.ui.menu_manager: Drawing background for menu: main
2025-04-13 21:30:48 [INFO] src.ui.menu_manager: Drawing background for menu: main
2025-04-13 21:30:48 [INFO] src.ui.menu_manager: Drawing background for menu: main
2025-04-13 21:30:48 [INFO] src.ui.menu_manager: Drawing background for menu: main
2025-04-13 21:30:48 [INFO] src.ui.menu_manager: Drawing background for menu: main
2025-04-13 21:30:48 [INFO] src.ui.menu_manager: Drawing background for menu: main
2025-04-13 21:30:48 [INFO] src.ui.menu_manager: Drawing background for menu: main
2025-04-13 21:30:48 [INFO] src.ui.menu_manager: Drawing background for menu: main
2025-04-13 21:30:48 [INFO] src.ui.menu_manager: Drawing background for menu: main
2025-04-13 21:30:48 [INFO] src.ui.menu_manager: Drawing background for menu: main
2025-04-13 21:30:48 [INFO] src.ui.menu_manager: Drawing background for menu: main
2025-04-13 21:30:48 [INFO] src.ui.menu_manager: Drawing background for menu: main
2025-04-13 21:30:48 [INFO] src.ui.menu_manager: Drawing background for menu: main
2025-04-13 21:30:48 [INFO] src.ui.menu_manager: Drawing background for menu: main
2025-04-13 21:30:48 [INFO] src.ui.menu_manager: Drawing background for menu: main
2025-04-13 21:30:48 [INFO] src.ui.menu_manager: Drawing background for menu: main
2025-04-13 21:30:48 [INFO] src.ui.menu_manager: Drawing background for menu: main
2025-04-13 21:30:48 [INFO] src.ui.menu_manager: Drawing background for menu: main
2025-04-13 21:30:48 [INFO] src.ui.menu_manager: Drawing background for menu: main
2025-04-13 21:30:48 [INFO] src.ui.menu_manager: Drawing background for menu: main
2025-04-13 21:30:48 [INFO] src.ui.menu_manager: Drawing background for menu: main
2025-04-13 21:30:48 [INFO] src.ui.menu_manager: Drawing background for menu: main
2025-04-13 21:30:48 [INFO] src.ui.menu_manager: Drawing background for menu: main
2025-04-13 21:30:48 [INFO] src.ui.menu_manager: Drawing background for menu: main
2025-04-13 21:30:48 [INFO] src.ui.menu_manager: Drawing background for menu: main
2025-04-13 21:30:48 [INFO] src.ui.menu_manager: Drawing background for menu: main
2025-04-13 21:30:48 [INFO] src.ui.menu_manager: Drawing background for menu: main
2025-04-13 21:30:48 [INFO] src.ui.menu_manager: Drawing background for menu: main
2025-04-13 21:30:48 [INFO] src.ui.menu_manager: Drawing background for menu: main
2025-04-13 21:30:48 [INFO] src.ui.menu_manager: Drawing background for menu: main
2025-04-13 21:30:48 [INFO] src.ui.menu_manager: Drawing background for menu: main
2025-04-13 21:30:48 [INFO] src.ui.menu_manager: Drawing background for menu: main
2025-04-13 21:30:48 [INFO] src.ui.menu_manager: Drawing background for menu: main
2025-04-13 21:30:48 [INFO] src.ui.menu_manager: Drawing background for menu: main
2025-04-13 21:30:48 [INFO] src.ui.menu_manager: Drawing background for menu: main
2025-04-13 21:30:48 [INFO] src.ui.menu_manager: Drawing background for menu: main
2025-04-13 21:30:48 [INFO] src.ui.menu_manager: Drawing background for menu: main
2025-04-13 21:30:48 [INFO] src.ui.menu_manager: Drawing background for menu: main
2025-04-13 21:30:48 [INFO] src.ui.menu_manager: Drawing background for menu: main
2025-04-13 21:30:48 [INFO] src.ui.menu_manager: Drawing background for menu: main
2025-04-13 21:30:48 [INFO] src.ui.menu_manager: Drawing background for menu: main
2025-04-13 21:30:48 [INFO] src.ui.menu_manager: Drawing background for menu: main
2025-04-13 21:30:48 [INFO] src.ui.menu_manager: Drawing background for menu: main
2025-04-13 21:30:48 [INFO] src.ui.menu_manager: Drawing background for menu: main
2025-04-13 21:30:48 [INFO] src.ui.menu_manager: Drawing background for menu: main
2025-04-13 21:30:48 [INFO] src.ui.menu_manager: Drawing background for menu: main
2025-04-13 21:30:48 [INFO] src.ui.menu_manager: Drawing background for menu: main
2025-04-13 21:30:48 [INFO] src.ui.menu_manager: Drawing background for menu: main
2025-04-13 21:30:48 [INFO] src.ui.menu_manager: Drawing background for menu: main
2025-04-13 21:30:48 [INFO] src.ui.menu_manager: Drawing background for menu: main
2025-04-13 21:30:48 [INFO] src.ui.menu_manager: Drawing background for menu: main
2025-04-13 21:30:48 [INFO] src.ui.menu_manager: Drawing background for menu: main
2025-04-13 21:30:48 [INFO] src.ui.menu_manager: Drawing background for menu: main
2025-04-13 21:30:49 [INFO] src.ui.menu_manager: Drawing background for menu: main
2025-04-13 21:30:49 [INFO] src.ui.menu_manager: Drawing background for menu: main
2025-04-13 21:30:49 [INFO] src.ui.menu_manager: Drawing background for menu: main
2025-04-13 21:30:49 [INFO] src.ui.menu_manager: Drawing background for menu: main
2025-04-13 21:30:49 [INFO] src.ui.menu_manager: Drawing background for menu: main
2025-04-13 21:30:49 [INFO] src.ui.menu_manager: Drawing background for menu: main
2025-04-13 21:30:49 [INFO] src.ui.menu_manager: Drawing background for menu: main
2025-04-13 21:30:49 [INFO] src.ui.menu_manager: Drawing background for menu: main
2025-04-13 21:30:49 [INFO] src.ui.menu_manager: Drawing background for menu: main
2025-04-13 21:30:49 [INFO] src.ui.menu_manager: Drawing background for menu: main
2025-04-13 21:30:49 [INFO] src.ui.menu_manager: Drawing background for menu: main
2025-04-13 21:30:49 [INFO] src.ui.menu_manager: Drawing background for menu: main
2025-04-13 21:30:49 [INFO] src.ui.menu_manager: Drawing background for menu: main
2025-04-13 21:30:49 [INFO] src.ui.menu_manager: Drawing background for menu: main
2025-04-13 21:30:49 [INFO] src.ui.menu_manager: Drawing background for menu: main
2025-04-13 21:30:49 [WARNING] src.ui.menu_manager: No button clicked at position: (450, 643)
2025-04-13 21:30:49 [INFO] src.ui.menu_manager: Drawing background for menu: main
2025-04-13 21:30:49 [INFO] src.ui.menu_manager: Drawing background for menu: main
2025-04-13 21:30:49 [INFO] src.ui.menu_manager: Drawing background for menu: main
2025-04-13 21:30:49 [INFO] src.ui.menu_manager: Drawing background for menu: main
2025-04-13 21:30:49 [INFO] src.ui.menu_manager: Drawing background for menu: main
2025-04-13 21:30:49 [INFO] src.ui.menu_manager: Drawing background for menu: main
2025-04-13 21:30:49 [INFO] src.ui.menu_manager: Drawing background for menu: main
2025-04-13 21:30:49 [INFO] src.ui.menu_manager: Drawing background for menu: main
2025-04-13 21:30:49 [INFO] src.ui.menu_manager: Drawing background for menu: main
2025-04-13 21:30:49 [INFO] src.ui.menu_manager: Drawing background for menu: main
2025-04-13 21:30:49 [INFO] src.ui.menu_manager: Drawing background for menu: main
2025-04-13 21:30:49 [INFO] src.ui.menu_manager: Drawing background for menu: main
2025-04-13 21:30:49 [INFO] src.ui.menu_manager: Drawing background for menu: main
2025-04-13 21:30:49 [INFO] src.ui.menu_manager: Drawing background for menu: main
2025-04-13 21:30:49 [INFO] src.ui.menu_manager: Drawing background for menu: main
2025-04-13 21:30:49 [INFO] src.ui.menu_manager: Drawing background for menu: main
2025-04-13 21:30:49 [INFO] src.ui.menu_manager: Drawing background for menu: main
2025-04-13 21:30:49 [INFO] src.ui.menu_manager: Drawing background for menu: main
2025-04-13 21:30:49 [INFO] src.ui.menu_manager: Drawing background for menu: main
2025-04-13 21:30:49 [INFO] src.ui.menu_manager: Drawing background for menu: main
2025-04-13 21:30:49 [INFO] src.ui.menu_manager: Drawing background for menu: main
2025-04-13 21:30:49 [INFO] src.ui.menu_manager: Drawing background for menu: main
2025-04-13 21:30:49 [INFO] src.ui.menu_manager: Drawing background for menu: main
2025-04-13 21:30:49 [INFO] src.ui.menu_manager: Drawing background for menu: main
2025-04-13 21:30:49 [INFO] src.ui.menu_manager: Drawing background for menu: main
2025-04-13 21:30:49 [INFO] src.ui.menu_manager: Drawing background for menu: main
2025-04-13 21:30:49 [INFO] src.ui.menu_manager: Drawing background for menu: main
2025-04-13 21:30:49 [INFO] src.ui.menu_manager: Drawing background for menu: main
2025-04-13 21:30:49 [INFO] src.ui.menu_manager: Drawing background for menu: main
2025-04-13 21:30:49 [INFO] src.ui.menu_manager: Drawing background for menu: main
2025-04-13 21:30:49 [INFO] src.ui.menu_manager: Drawing background for menu: main
2025-04-13 21:30:49 [INFO] src.ui.menu_manager: Drawing background for menu: main
2025-04-13 21:30:49 [INFO] src.ui.menu_manager: Drawing background for menu: main
2025-04-13 21:30:49 [INFO] src.ui.menu_manager: Drawing background for menu: main
2025-04-13 21:30:49 [INFO] src.ui.menu_manager: Drawing background for menu: main
2025-04-13 21:30:49 [INFO] src.ui.menu_manager: Drawing background for menu: main
2025-04-13 21:30:49 [INFO] src.ui.menu_manager: Drawing background for menu: main
2025-04-13 21:30:49 [INFO] src.ui.menu_manager: Drawing background for menu: main
2025-04-13 21:30:49 [INFO] src.ui.menu_manager: Drawing background for menu: main
2025-04-13 21:30:49 [INFO] src.ui.menu_manager: Drawing background for menu: main
2025-04-13 21:30:49 [INFO] src.ui.menu_manager: Drawing background for menu: main
2025-04-13 21:30:49 [INFO] src.ui.menu_manager: Drawing background for menu: main
2025-04-13 21:30:49 [INFO] src.ui.menu_manager: Drawing background for menu: main
2025-04-13 21:30:49 [INFO] src.ui.menu_manager: Drawing background for menu: main
2025-04-13 21:30:49 [INFO] src.ui.menu_manager: Drawing background for menu: main
2025-04-13 21:30:49 [INFO] src.ui.menu_manager: Drawing background for menu: main
2025-04-13 21:30:50 [INFO] src.ui.menu_manager: Drawing background for menu: main
2025-04-13 21:30:50 [WARNING] src.ui.menu_manager: No button clicked at position: (474, 637)
2025-04-13 21:30:50 [INFO] src.ui.menu_manager: Drawing background for menu: main
2025-04-13 21:30:50 [INFO] src.ui.menu_manager: Drawing background for menu: main
2025-04-13 21:30:50 [INFO] src.ui.menu_manager: Drawing background for menu: main
2025-04-13 21:30:50 [INFO] src.ui.menu_manager: Drawing background for menu: main
2025-04-13 21:30:50 [INFO] src.ui.menu_manager: Drawing background for menu: main
2025-04-13 21:30:50 [INFO] src.ui.menu_manager: Drawing background for menu: main
2025-04-13 21:30:50 [INFO] src.ui.menu_manager: Drawing background for menu: main
2025-04-13 21:30:50 [INFO] src.ui.menu_manager: Drawing background for menu: main
2025-04-13 21:30:50 [INFO] src.ui.menu_manager: Drawing background for menu: main
2025-04-13 21:30:50 [INFO] src.ui.menu_manager: Drawing background for menu: main
2025-04-13 21:30:50 [INFO] src.ui.menu_manager: Drawing background for menu: main
2025-04-13 21:30:50 [INFO] src.ui.menu_manager: Drawing background for menu: main
2025-04-13 21:30:50 [INFO] src.ui.menu_manager: Drawing background for menu: main
2025-04-13 21:30:50 [INFO] src.ui.menu_manager: Drawing background for menu: main
2025-04-13 21:30:50 [INFO] src.ui.menu_manager: Drawing background for menu: main
2025-04-13 21:30:50 [INFO] src.ui.menu_manager: Drawing background for menu: main
2025-04-13 21:30:50 [INFO] src.ui.menu_manager: Drawing background for menu: main
2025-04-13 21:30:50 [INFO] src.ui.menu_manager: Drawing background for menu: main
2025-04-13 21:30:50 [INFO] src.ui.menu_manager: Drawing background for menu: main
2025-04-13 21:30:50 [INFO] src.ui.menu_manager: Drawing background for menu: main
2025-04-13 21:30:50 [INFO] src.ui.menu_manager: Drawing background for menu: main
2025-04-13 21:30:50 [INFO] src.ui.menu_manager: Drawing background for menu: main
2025-04-13 21:30:50 [INFO] src.ui.menu_manager: Drawing background for menu: main
2025-04-13 21:30:50 [INFO] src.ui.menu_manager: Drawing background for menu: main
2025-04-13 21:30:50 [INFO] src.ui.menu_manager: Drawing background for menu: main
2025-04-13 21:30:50 [INFO] src.ui.menu_manager: Drawing background for menu: main
2025-04-13 21:30:50 [INFO] src.ui.menu_manager: Drawing background for menu: main
2025-04-13 21:30:50 [WARNING] src.ui.menu_manager: No button clicked at position: (476, 636)
2025-04-13 21:30:50 [INFO] src.ui.menu_manager: Drawing background for menu: main
2025-04-13 21:30:50 [INFO] src.ui.menu_manager: Drawing background for menu: main
2025-04-13 21:30:50 [INFO] src.ui.menu_manager: Drawing background for menu: main
2025-04-13 21:30:50 [INFO] src.ui.menu_manager: Drawing background for menu: main
2025-04-13 21:30:50 [INFO] src.ui.menu_manager: Drawing background for menu: main
2025-04-13 21:30:50 [INFO] src.ui.menu_manager: Drawing background for menu: main
2025-04-13 21:30:50 [INFO] src.ui.menu_manager: Drawing background for menu: main
2025-04-13 21:30:50 [INFO] src.ui.menu_manager: Drawing background for menu: main
2025-04-13 21:30:50 [INFO] src.ui.menu_manager: Drawing background for menu: main
2025-04-13 21:30:50 [INFO] src.ui.menu_manager: Drawing background for menu: main
2025-04-13 21:30:50 [INFO] src.ui.menu_manager: Drawing background for menu: main
2025-04-13 21:30:50 [INFO] src.ui.menu_manager: Drawing background for menu: main
2025-04-13 21:30:50 [INFO] src.ui.menu_manager: Drawing background for menu: main
2025-04-13 21:30:50 [INFO] src.ui.menu_manager: Drawing background for menu: main
2025-04-13 21:30:50 [INFO] src.ui.menu_manager: Drawing background for menu: main
2025-04-13 21:30:50 [INFO] src.ui.menu_manager: Drawing background for menu: main
2025-04-13 21:30:50 [INFO] src.ui.menu_manager: Drawing background for menu: main
2025-04-13 21:30:50 [INFO] src.ui.menu_manager: Drawing background for menu: main
2025-04-13 21:30:50 [INFO] src.ui.menu_manager: Drawing background for menu: main
2025-04-13 21:30:50 [INFO] src.ui.menu_manager: Drawing background for menu: main
2025-04-13 21:30:50 [INFO] src.ui.menu_manager: Drawing background for menu: main
2025-04-13 21:30:50 [INFO] src.ui.menu_manager: Drawing background for menu: main
2025-04-13 21:30:50 [INFO] src.ui.menu_manager: Drawing background for menu: main
2025-04-13 21:30:50 [INFO] src.ui.menu_manager: Drawing background for menu: main
2025-04-13 21:30:50 [INFO] src.ui.menu_manager: Drawing background for menu: main
2025-04-13 21:30:50 [WARNING] src.ui.menu_manager: No button clicked at position: (476, 636)
2025-04-13 21:30:50 [INFO] src.ui.menu_manager: Drawing background for menu: main
2025-04-13 21:30:50 [INFO] src.ui.menu_manager: Drawing background for menu: main
2025-04-13 21:30:50 [INFO] src.ui.menu_manager: Drawing background for menu: main
2025-04-13 21:30:50 [INFO] src.ui.menu_manager: Drawing background for menu: main
2025-04-13 21:30:50 [INFO] src.ui.menu_manager: Drawing background for menu: main
2025-04-13 21:30:50 [INFO] src.ui.menu_manager: Drawing background for menu: main
2025-04-13 21:30:50 [INFO] src.ui.menu_manager: Drawing background for menu: main
2025-04-13 21:30:51 [INFO] src.ui.menu_manager: Drawing background for menu: main
2025-04-13 21:30:51 [INFO] src.ui.menu_manager: Drawing background for menu: main
2025-04-13 21:30:51 [INFO] src.ui.menu_manager: Drawing background for menu: main
2025-04-13 21:30:51 [INFO] src.ui.menu_manager: Drawing background for menu: main
2025-04-13 21:30:51 [INFO] src.ui.menu_manager: Drawing background for menu: main
2025-04-13 21:30:51 [WARNING] src.ui.menu_manager: No button clicked at position: (476, 636)
2025-04-13 21:30:51 [INFO] src.ui.menu_manager: Drawing background for menu: main
2025-04-13 21:30:51 [INFO] src.ui.menu_manager: Drawing background for menu: main
2025-04-13 21:30:51 [INFO] src.ui.menu_manager: Drawing background for menu: main
2025-04-13 21:30:51 [INFO] src.ui.menu_manager: Drawing background for menu: main
2025-04-13 21:30:51 [INFO] src.ui.menu_manager: Drawing background for menu: main
2025-04-13 21:30:51 [INFO] src.ui.menu_manager: Drawing background for menu: main
2025-04-13 21:30:51 [INFO] src.ui.menu_manager: Drawing background for menu: main
2025-04-13 21:30:51 [INFO] src.ui.menu_manager: Drawing background for menu: main
2025-04-13 21:30:51 [INFO] src.ui.menu_manager: Drawing background for menu: main
2025-04-13 21:30:51 [INFO] src.ui.menu_manager: Drawing background for menu: main
2025-04-13 21:30:51 [INFO] src.ui.menu_manager: Drawing background for menu: main
2025-04-13 21:30:51 [INFO] src.ui.menu_manager: Drawing background for menu: main
2025-04-13 21:30:51 [INFO] src.ui.menu_manager: Drawing background for menu: main
2025-04-13 21:30:51 [INFO] src.ui.menu_manager: Drawing background for menu: main
2025-04-13 21:30:51 [INFO] src.ui.menu_manager: Drawing background for menu: main
2025-04-13 21:30:51 [INFO] src.ui.menu_manager: Drawing background for menu: main
2025-04-13 21:30:51 [INFO] src.ui.menu_manager: Drawing background for menu: main
2025-04-13 21:30:51 [INFO] src.ui.menu_manager: Drawing background for menu: main
2025-04-13 21:30:51 [INFO] src.ui.menu_manager: Drawing background for menu: main
2025-04-13 21:30:51 [INFO] src.ui.menu_manager: Drawing background for menu: main
2025-04-13 21:30:51 [INFO] src.ui.menu_manager: Drawing background for menu: main
2025-04-13 21:30:51 [INFO] src.ui.menu_manager: Drawing background for menu: main
2025-04-13 21:30:51 [INFO] src.ui.menu_manager: Drawing background for menu: main
2025-04-13 21:30:51 [INFO] src.ui.menu_manager: Drawing background for menu: main
2025-04-13 21:30:51 [INFO] src.ui.menu_manager: Drawing background for menu: main
2025-04-13 21:30:51 [INFO] src.ui.menu_manager: Drawing background for menu: main
2025-04-13 21:30:51 [INFO] src.ui.menu_manager: Drawing background for menu: main
2025-04-13 21:30:51 [INFO] src.ui.menu_manager: Drawing background for menu: main
2025-04-13 21:30:51 [INFO] src.ui.menu_manager: Drawing background for menu: main
2025-04-13 21:30:51 [INFO] src.ui.menu_manager: Drawing background for menu: main
2025-04-13 21:30:51 [INFO] src.ui.menu_manager: Drawing background for menu: main
2025-04-13 21:30:51 [INFO] src.ui.menu_manager: Drawing background for menu: main
2025-04-13 21:30:51 [INFO] src.ui.menu_manager: Drawing background for menu: main
2025-04-13 21:30:51 [INFO] src.ui.menu_manager: Drawing background for menu: main
2025-04-13 21:30:51 [INFO] src.ui.menu_manager: Drawing background for menu: main
2025-04-13 21:30:51 [INFO] src.ui.menu_manager: Drawing background for menu: main
2025-04-13 21:30:51 [INFO] src.ui.menu_manager: Drawing background for menu: main
2025-04-13 21:30:51 [INFO] src.ui.menu_manager: Drawing background for menu: main
2025-04-13 21:30:51 [INFO] src.ui.menu_manager: Drawing background for menu: main
2025-04-13 21:30:51 [INFO] src.ui.menu_manager: Drawing background for menu: main
2025-04-13 21:30:51 [INFO] src.ui.menu_manager: Drawing background for menu: main
2025-04-13 21:30:51 [INFO] src.ui.menu_manager: Drawing background for menu: main
2025-04-13 21:30:51 [INFO] src.ui.menu_manager: Drawing background for menu: main
2025-04-13 21:30:51 [INFO] src.ui.menu_manager: Drawing background for menu: main
2025-04-13 21:30:51 [INFO] src.ui.menu_manager: Drawing background for menu: main
2025-04-13 21:30:51 [INFO] src.ui.menu_manager: Drawing background for menu: main
2025-04-13 21:30:51 [INFO] src.ui.menu_manager: Drawing background for menu: main
2025-04-13 21:30:51 [INFO] src.ui.menu_manager: Drawing background for menu: main
2025-04-13 21:30:51 [INFO] src.ui.menu_manager: Drawing background for menu: main
2025-04-13 21:30:51 [INFO] src.ui.menu_manager: Drawing background for menu: main
2025-04-13 21:30:51 [INFO] src.ui.menu_manager: Drawing background for menu: main
2025-04-13 21:30:51 [INFO] src.ui.menu_manager: Drawing background for menu: main
2025-04-13 21:30:51 [INFO] src.ui.menu_manager: Drawing background for menu: main
2025-04-13 21:30:51 [INFO] src.ui.menu_manager: Drawing background for menu: main
2025-04-13 21:30:51 [INFO] src.ui.menu_manager: Drawing background for menu: main
2025-04-13 21:30:52 [INFO] src.ui.menu_manager: Drawing background for menu: main
2025-04-13 21:30:52 [INFO] src.ui.menu_manager: Drawing background for menu: main
2025-04-13 21:30:52 [INFO] src.ui.menu_manager: Drawing background for menu: main
2025-04-13 21:30:52 [INFO] src.ui.menu_manager: Drawing background for menu: main
2025-04-13 21:30:52 [INFO] src.ui.menu_manager: Drawing background for menu: main
2025-04-13 21:30:52 [INFO] src.ui.menu_manager: Drawing background for menu: main
2025-04-13 21:30:52 [INFO] src.ui.menu_manager: Drawing background for menu: main
2025-04-13 21:30:52 [INFO] src.ui.menu_manager: Drawing background for menu: main
2025-04-13 21:30:52 [INFO] src.ui.menu_manager: Drawing background for menu: main
2025-04-13 21:30:52 [INFO] src.ui.menu_manager: Drawing background for menu: main
2025-04-13 21:30:52 [INFO] src.ui.menu_manager: Drawing background for menu: main
2025-04-13 21:30:52 [INFO] src.ui.menu_manager: Drawing background for menu: main
