2025-04-14 07:53:35 [INFO] system: Logging system initialized
2025-04-14 07:53:35 [ERROR] src.entities.Stars: Not enough available positions to place stars.
2025-04-14 07:53:35 [INFO] src.ui.sound_manager: Sound system initialized successfully
2025-04-14 07:53:35 [WARNING] src.ui.sound_manager: Could not load sound: click
2025-04-14 07:53:35 [WARNING] src.ui.sound_manager: Could not load sound: hover
2025-04-14 07:53:35 [WARNING] src.ui.sound_manager: Could not load sound: transition
2025-04-14 07:53:35 [WARNING] src.ui.sound_manager: Could not load sound: start_game
2025-04-14 07:53:35 [WARNING] src.ui.sound_manager: Could not load sound: win
2025-04-14 07:53:35 [INFO] src.ui.menu_manager: Starting asset loading...
2025-04-14 07:53:35 [INFO] src.ui.menu_manager: Loading TMX maps...
2025-04-14 07:53:35 [INFO] src.utils.asset_loader: Current working directory: E:\a-game\Ludo-Pygame
2025-04-14 07:53:35 [INFO] src.utils.asset_loader: Trying path: assets\maps\assets_ver1\main_menu.tmx
2025-04-14 07:53:35 [INFO] src.utils.asset_loader: Found file at: assets\maps\assets_ver1\main_menu.tmx
2025-04-14 07:53:35 [INFO] src.utils.asset_loader: Attempting to load TMX file: assets\maps\assets_ver1\main_menu.tmx
2025-04-14 07:53:35 [INFO] src.utils.asset_loader: Parsing TMX file...
2025-04-14 07:53:35 [INFO] src.utils.asset_loader: Successfully parsed TMX file
2025-04-14 07:53:35 [INFO] src.utils.asset_loader: TMX Version: 1.10
2025-04-14 07:53:35 [INFO] src.utils.asset_loader: Number of layers: 7
2025-04-14 07:53:35 [INFO] src.utils.asset_loader: Processing layer offsets...
2025-04-14 07:53:35 [INFO] src.utils.asset_loader: Processing layer: water
2025-04-14 07:53:35 [INFO] src.utils.asset_loader: Original offsets - x: 0, y: 0
2025-04-14 07:53:35 [INFO] src.utils.asset_loader: Processing layer: rock
2025-04-14 07:53:35 [INFO] src.utils.asset_loader: Original offsets - x: 0, y: 0
2025-04-14 07:53:35 [INFO] src.utils.asset_loader: Processing layer: grass
2025-04-14 07:53:35 [INFO] src.utils.asset_loader: Original offsets - x: 0, y: 0
2025-04-14 07:53:35 [INFO] src.utils.asset_loader: Processing layer: tree
2025-04-14 07:53:35 [INFO] src.utils.asset_loader: Original offsets - x: 0, y: 0
2025-04-14 07:53:35 [INFO] src.utils.asset_loader: Processing layer: deco
2025-04-14 07:53:35 [INFO] src.utils.asset_loader: Original offsets - x: 0, y: 0
2025-04-14 07:53:35 [INFO] src.utils.asset_loader: Processing layer: ban
2025-04-14 07:53:35 [INFO] src.utils.asset_loader: Original offsets - x: 9, y: -91
2025-04-14 07:53:35 [INFO] src.utils.asset_loader: Processing layer: button
2025-04-14 07:53:35 [INFO] src.utils.asset_loader: Original offsets - x: -9, y: -103
2025-04-14 07:53:35 [INFO] src.utils.asset_loader: Saving processed TMX to temp file...
2025-04-14 07:53:35 [INFO] src.utils.asset_loader: Saved to temp file: C:\Users\Admin\AppData\Local\Temp\tmpnpj69l6j.tmx
2025-04-14 07:53:35 [INFO] src.utils.asset_loader: Loading processed TMX with PyTMX...
2025-04-14 07:53:35 [ERROR] src.utils.asset_loader: Error loading TMX maps/assets_ver1/main_menu.tmx: Cannot find tileset file ../mapfinal/Water.tsx from C:\Users\Admin\AppData\Local\Temp\tmpnpj69l6j.tmx, should be at C:\Users\Admin\AppData\Local\mapfinal\Water.tsx
2025-04-14 07:53:35 [ERROR] src.ui.menu_manager: Asset loading failed: Failed to load main menu map
