2025-04-13 21:31:36 [INFO] system: Logging system initialized
2025-04-13 21:31:36 [ERROR] src.entities.Stars: Not enough available positions to place stars.
2025-04-13 21:31:37 [INFO] src.ui.sound_manager: Sound system initialized successfully
2025-04-13 21:31:37 [WARNING] src.ui.sound_manager: Could not load sound: click
2025-04-13 21:31:37 [WARNING] src.ui.sound_manager: Could not load sound: hover
2025-04-13 21:31:37 [WARNING] src.ui.sound_manager: Could not load sound: transition
2025-04-13 21:31:37 [WARNING] src.ui.sound_manager: Could not load sound: start_game
2025-04-13 21:31:37 [WARNING] src.ui.sound_manager: Could not load sound: win
2025-04-13 21:31:37 [INFO] src.ui.menu_manager: Menu system initialized
2025-04-13 21:31:39 [WARNING] src.ui.menu_manager: No button clicked at position: (457, 424)
2025-04-13 21:31:40 [WARNING] src.ui.menu_manager: No button clicked at position: (470, 498)
2025-04-13 21:31:41 [WARNING] src.ui.menu_manager: No button clicked at position: (479, 575)
2025-04-13 21:31:41 [WARNING] src.ui.menu_manager: No button clicked at position: (481, 627)
2025-04-13 21:31:42 [WARNING] src.ui.menu_manager: No button clicked at position: (476, 565)
2025-04-13 21:31:43 [INFO] src.ui.menu_manager: Button clicked: rules
2025-04-13 21:31:43 [INFO] src.ui.menu_manager: Button clicked: start_game
2025-04-13 21:31:43 [INFO] src.entities.Players: Initialized Red player: Player1
2025-04-13 21:31:43 [INFO] src.entities.Players: Initialized Blue player: Player2
2025-04-13 21:31:43 [INFO] src.entities.Players: Initialized Yellow player: Player3
2025-04-13 21:31:43 [INFO] src.entities.Players: Initialized Green player: Player4
2025-04-13 21:31:43 [INFO] src.entities.States: Game state manager initialized
