2025-04-14 08:07:31 [INFO] system: Logging system initialized
2025-04-14 08:07:31 [ERROR] src.entities.Stars: Not enough available positions to place stars.
2025-04-14 08:07:32 [INFO] src.ui.sound_manager: Sound system initialized successfully
2025-04-14 08:07:32 [WARNING] src.ui.sound_manager: Could not load sound: click
2025-04-14 08:07:32 [WARNING] src.ui.sound_manager: Could not load sound: hover
2025-04-14 08:07:32 [WARNING] src.ui.sound_manager: Could not load sound: transition
2025-04-14 08:07:32 [WARNING] src.ui.sound_manager: Could not load sound: start_game
2025-04-14 08:07:32 [WARNING] src.ui.sound_manager: Could not load sound: win
2025-04-14 08:07:32 [INFO] src.ui.menu_manager: Starting asset loading...
2025-04-14 08:07:32 [INFO] src.ui.menu_manager: Loading TMX maps...
2025-04-14 08:07:32 [INFO] src.utils.asset_loader: Current working directory: E:\a-game\Ludo-Pygame
2025-04-14 08:07:32 [INFO] src.utils.asset_loader: Trying path: assets\maps\assets_ver1\main_menu.tmx
2025-04-14 08:07:32 [INFO] src.utils.asset_loader: Found file at: assets\maps\assets_ver1\main_menu.tmx
2025-04-14 08:07:32 [INFO] src.utils.asset_loader: Attempting to load TMX file: assets\maps\assets_ver1\main_menu.tmx
2025-04-14 08:07:32 [INFO] src.utils.asset_loader: Parsing TMX file...
2025-04-14 08:07:32 [INFO] src.utils.asset_loader: Successfully parsed TMX file
2025-04-14 08:07:32 [INFO] src.utils.asset_loader: TMX directory: assets\maps\assets_ver1
2025-04-14 08:07:32 [INFO] src.utils.asset_loader: Created temp directory: C:\Users\Admin\AppData\Local\Temp\tmp131hfu2d
2025-04-14 08:07:32 [INFO] src.utils.asset_loader: Processing tileset paths...
2025-04-14 08:07:32 [INFO] src.utils.asset_loader: Found tileset source: ../mapfinal/Water.tsx
2025-04-14 08:07:32 [INFO] src.utils.asset_loader: Using absolute tileset path: E:\a-game\Ludo-Pygame\assets\maps\mapfinal\Water.tsx
2025-04-14 08:07:32 [INFO] src.utils.asset_loader: Found tileset source: ../mapfinal/Tilemap_Elevation.tsx
2025-04-14 08:07:32 [INFO] src.utils.asset_loader: Using absolute tileset path: E:\a-game\Ludo-Pygame\assets\maps\mapfinal\Tilemap_Elevation.tsx
2025-04-14 08:07:32 [INFO] src.utils.asset_loader: Found tileset source: ../mapfinal/Tilemap_Flat.tsx
2025-04-14 08:07:32 [INFO] src.utils.asset_loader: Using absolute tileset path: E:\a-game\Ludo-Pygame\assets\maps\mapfinal\Tilemap_Flat.tsx
2025-04-14 08:07:32 [INFO] src.utils.asset_loader: Found tileset source: ../mapfinal/Tree1.tsx
2025-04-14 08:07:32 [INFO] src.utils.asset_loader: Using absolute tileset path: E:\a-game\Ludo-Pygame\assets\maps\mapfinal\Tree1.tsx
2025-04-14 08:07:32 [INFO] src.utils.asset_loader: Found tileset source: ../mapfinal/17.tsx
2025-04-14 08:07:32 [INFO] src.utils.asset_loader: Using absolute tileset path: E:\a-game\Ludo-Pygame\assets\maps\mapfinal\17.tsx
2025-04-14 08:07:32 [INFO] src.utils.asset_loader: Found tileset source: ../mapfinal/18.tsx
2025-04-14 08:07:32 [INFO] src.utils.asset_loader: Using absolute tileset path: E:\a-game\Ludo-Pygame\assets\maps\mapfinal\18.tsx
2025-04-14 08:07:32 [INFO] src.utils.asset_loader: Found tileset source: ../mapfinal/02.tsx
2025-04-14 08:07:32 [INFO] src.utils.asset_loader: Using absolute tileset path: E:\a-game\Ludo-Pygame\assets\maps\mapfinal\02.tsx
2025-04-14 08:07:32 [INFO] src.utils.asset_loader: Found tileset source: ../mapfinal/13.tsx
2025-04-14 08:07:32 [INFO] src.utils.asset_loader: Using absolute tileset path: E:\a-game\Ludo-Pygame\assets\maps\mapfinal\13.tsx
2025-04-14 08:07:32 [INFO] src.utils.asset_loader: Found tileset source: ../mapfinal/16.tsx
2025-04-14 08:07:32 [INFO] src.utils.asset_loader: Using absolute tileset path: E:\a-game\Ludo-Pygame\assets\maps\mapfinal\16.tsx
2025-04-14 08:07:32 [INFO] src.utils.asset_loader: Found tileset source: ../mapfinal/Bridge_All.tsx
2025-04-14 08:07:32 [INFO] src.utils.asset_loader: Using absolute tileset path: E:\a-game\Ludo-Pygame\assets\maps\mapfinal\Bridge_All.tsx
2025-04-14 08:07:32 [INFO] src.utils.asset_loader: Found tileset source: Banner_Connection_Left.tsx
2025-04-14 08:07:32 [INFO] src.utils.asset_loader: Using absolute tileset path: E:\a-game\Ludo-Pygame\assets\maps\assets_ver1\Banner_Connection_Left.tsx
2025-04-14 08:07:32 [INFO] src.utils.asset_loader: Found tileset source: Banner_Connection_Right.tsx
2025-04-14 08:07:32 [INFO] src.utils.asset_loader: Using absolute tileset path: E:\a-game\Ludo-Pygame\assets\maps\assets_ver1\Banner_Connection_Right.tsx
2025-04-14 08:07:32 [INFO] src.utils.asset_loader: Found tileset source: Ribbon_Blue_3Slides.tsx
2025-04-14 08:07:32 [INFO] src.utils.asset_loader: Using absolute tileset path: E:\a-game\Ludo-Pygame\assets\maps\assets_ver1\Ribbon_Blue_3Slides.tsx
2025-04-14 08:07:32 [INFO] src.utils.asset_loader: Processing layer offsets...
2025-04-14 08:07:32 [INFO] src.utils.asset_loader: Converted offsetx from 9.0 to 9 for layer ban
2025-04-14 08:07:32 [INFO] src.utils.asset_loader: Converted offsety from -91.0 to -91 for layer ban
2025-04-14 08:07:32 [INFO] src.utils.asset_loader: Converted offsetx from -9.0 to -9 for layer button
2025-04-14 08:07:32 [INFO] src.utils.asset_loader: Converted offsety from -103.0 to -103 for layer button
2025-04-14 08:07:32 [INFO] src.utils.asset_loader: Saved processed TMX to: C:\Users\Admin\AppData\Local\Temp\tmp131hfu2d\processed.tmx
2025-04-14 08:07:32 [INFO] src.utils.asset_loader: Loading processed TMX...
2025-04-14 08:07:32 [INFO] src.utils.asset_loader: Successfully loaded TMX map
2025-04-14 08:07:32 [INFO] src.utils.asset_loader: Cleaned up temp directory: C:\Users\Admin\AppData\Local\Temp\tmp131hfu2d
2025-04-14 08:07:32 [INFO] src.utils.asset_loader: Current working directory: E:\a-game\Ludo-Pygame
2025-04-14 08:07:32 [INFO] src.utils.asset_loader: Trying path: assets\maps\assets_ver1\sp_menu.tmx
2025-04-14 08:07:32 [INFO] src.utils.asset_loader: Found file at: assets\maps\assets_ver1\sp_menu.tmx
2025-04-14 08:07:32 [INFO] src.utils.asset_loader: Attempting to load TMX file: assets\maps\assets_ver1\sp_menu.tmx
2025-04-14 08:07:32 [INFO] src.utils.asset_loader: Parsing TMX file...
2025-04-14 08:07:32 [INFO] src.utils.asset_loader: Successfully parsed TMX file
2025-04-14 08:07:32 [INFO] src.utils.asset_loader: TMX directory: assets\maps\assets_ver1
2025-04-14 08:07:32 [INFO] src.utils.asset_loader: Created temp directory: C:\Users\Admin\AppData\Local\Temp\tmp6kjbw3wy
2025-04-14 08:07:32 [INFO] src.utils.asset_loader: Processing tileset paths...
2025-04-14 08:07:32 [INFO] src.utils.asset_loader: Found tileset source: ../mapfinal/Water.tsx
2025-04-14 08:07:32 [INFO] src.utils.asset_loader: Using absolute tileset path: E:\a-game\Ludo-Pygame\assets\maps\mapfinal\Water.tsx
2025-04-14 08:07:32 [INFO] src.utils.asset_loader: Found tileset source: ../mapfinal/Tilemap_Elevation.tsx
2025-04-14 08:07:32 [INFO] src.utils.asset_loader: Using absolute tileset path: E:\a-game\Ludo-Pygame\assets\maps\mapfinal\Tilemap_Elevation.tsx
2025-04-14 08:07:32 [INFO] src.utils.asset_loader: Found tileset source: ../mapfinal/Tilemap_Flat.tsx
2025-04-14 08:07:32 [INFO] src.utils.asset_loader: Using absolute tileset path: E:\a-game\Ludo-Pygame\assets\maps\mapfinal\Tilemap_Flat.tsx
2025-04-14 08:07:32 [INFO] src.utils.asset_loader: Found tileset source: ../mapfinal/Tree1.tsx
2025-04-14 08:07:32 [INFO] src.utils.asset_loader: Using absolute tileset path: E:\a-game\Ludo-Pygame\assets\maps\mapfinal\Tree1.tsx
2025-04-14 08:07:32 [INFO] src.utils.asset_loader: Found tileset source: ../mapfinal/17.tsx
2025-04-14 08:07:32 [INFO] src.utils.asset_loader: Using absolute tileset path: E:\a-game\Ludo-Pygame\assets\maps\mapfinal\17.tsx
2025-04-14 08:07:32 [INFO] src.utils.asset_loader: Found tileset source: ../mapfinal/18.tsx
2025-04-14 08:07:32 [INFO] src.utils.asset_loader: Using absolute tileset path: E:\a-game\Ludo-Pygame\assets\maps\mapfinal\18.tsx
2025-04-14 08:07:32 [INFO] src.utils.asset_loader: Found tileset source: ../mapfinal/02.tsx
2025-04-14 08:07:32 [INFO] src.utils.asset_loader: Using absolute tileset path: E:\a-game\Ludo-Pygame\assets\maps\mapfinal\02.tsx
2025-04-14 08:07:32 [INFO] src.utils.asset_loader: Found tileset source: ../mapfinal/13.tsx
2025-04-14 08:07:32 [INFO] src.utils.asset_loader: Using absolute tileset path: E:\a-game\Ludo-Pygame\assets\maps\mapfinal\13.tsx
2025-04-14 08:07:32 [INFO] src.utils.asset_loader: Found tileset source: ../mapfinal/16.tsx
2025-04-14 08:07:32 [INFO] src.utils.asset_loader: Using absolute tileset path: E:\a-game\Ludo-Pygame\assets\maps\mapfinal\16.tsx
2025-04-14 08:07:32 [INFO] src.utils.asset_loader: Found tileset source: ../mapfinal/Bridge_All.tsx
2025-04-14 08:07:32 [INFO] src.utils.asset_loader: Using absolute tileset path: E:\a-game\Ludo-Pygame\assets\maps\mapfinal\Bridge_All.tsx
2025-04-14 08:07:32 [INFO] src.utils.asset_loader: Found tileset source: Banner_Connection_Left.tsx
2025-04-14 08:07:32 [INFO] src.utils.asset_loader: Using absolute tileset path: E:\a-game\Ludo-Pygame\assets\maps\assets_ver1\Banner_Connection_Left.tsx
2025-04-14 08:07:32 [INFO] src.utils.asset_loader: Found tileset source: Banner_Connection_Right.tsx
2025-04-14 08:07:32 [INFO] src.utils.asset_loader: Using absolute tileset path: E:\a-game\Ludo-Pygame\assets\maps\assets_ver1\Banner_Connection_Right.tsx
2025-04-14 08:07:32 [INFO] src.utils.asset_loader: Found tileset source: Ribbon_Blue_3Slides.tsx
2025-04-14 08:07:32 [INFO] src.utils.asset_loader: Using absolute tileset path: E:\a-game\Ludo-Pygame\assets\maps\assets_ver1\Ribbon_Blue_3Slides.tsx
2025-04-14 08:07:32 [INFO] src.utils.asset_loader: Found tileset source: Carved_Regular.tsx
2025-04-14 08:07:32 [INFO] src.utils.asset_loader: Using absolute tileset path: E:\a-game\Ludo-Pygame\assets\maps\assets_ver1\Carved_Regular.tsx
2025-04-14 08:07:32 [INFO] src.utils.asset_loader: Processing layer offsets...
2025-04-14 08:07:32 [INFO] src.utils.asset_loader: Converted offsetx from 3.0 to 3 for layer ban
2025-04-14 08:07:32 [INFO] src.utils.asset_loader: Converted offsety from -95.0 to -95 for layer ban
2025-04-14 08:07:32 [INFO] src.utils.asset_loader: Converted offsetx from 1.03301 to 1 for layer button
2025-04-14 08:07:32 [INFO] src.utils.asset_loader: Converted offsety from -56.8156 to -56 for layer button
2025-04-14 08:07:32 [INFO] src.utils.asset_loader: Converted offsetx from -8.26408 to -8 for layer bong
2025-04-14 08:07:32 [INFO] src.utils.asset_loader: Converted offsety from -49.5845 to -49 for layer bong
2025-04-14 08:07:32 [INFO] src.utils.asset_loader: Saved processed TMX to: C:\Users\Admin\AppData\Local\Temp\tmp6kjbw3wy\processed.tmx
2025-04-14 08:07:32 [INFO] src.utils.asset_loader: Loading processed TMX...
2025-04-14 08:07:32 [INFO] src.utils.asset_loader: Successfully loaded TMX map
2025-04-14 08:07:32 [INFO] src.utils.asset_loader: Cleaned up temp directory: C:\Users\Admin\AppData\Local\Temp\tmp6kjbw3wy
2025-04-14 08:07:32 [INFO] src.ui.menu_manager: TMX maps loaded successfully
2025-04-14 08:07:32 [INFO] src.ui.menu_manager: Rendering backgrounds...
2025-04-14 08:07:32 [INFO] src.ui.menu_manager: Asset loading completed successfully
2025-04-14 08:07:32 [INFO] src.ui.menu_manager: Starting asset loading...
2025-04-14 08:07:32 [INFO] src.ui.menu_manager: Loading TMX maps...
2025-04-14 08:07:32 [INFO] src.ui.menu_manager: TMX maps loaded successfully
2025-04-14 08:07:32 [INFO] src.ui.menu_manager: Rendering backgrounds...
2025-04-14 08:07:32 [INFO] src.ui.menu_manager: Asset loading completed successfully
2025-04-14 08:07:32 [INFO] src.ui.menu_manager: Menu system initialized
2025-04-14 08:07:34 [INFO] src.ui.menu_manager: Handling click at position: (473, 459)
2025-04-14 08:07:35 [INFO] src.ui.menu_manager: Handling click at position: (467, 447)
2025-04-14 08:07:37 [INFO] src.ui.menu_manager: Handling click at position: (425, 519)
2025-04-14 08:07:39 [INFO] src.ui.menu_manager: Handling click at position: (409, 377)
2025-04-14 08:07:41 [INFO] src.ui.menu_manager: Handling click at position: (418, 515)
2025-04-14 08:07:42 [INFO] src.ui.menu_manager: Handling click at position: (440, 462)
2025-04-14 08:07:43 [INFO] src.ui.menu_manager: Handling click at position: (454, 453)
2025-04-14 08:07:55 [INFO] src.ui.menu_manager: Handling click at position: (442, 526)
2025-04-14 08:07:58 [INFO] src.ui.menu_manager: Handling click at position: (466, 310)
