2025-04-14 07:56:39 [INFO] system: Logging system initialized
2025-04-14 07:56:39 [ERROR] src.entities.Stars: Not enough available positions to place stars.
2025-04-14 07:56:40 [INFO] src.ui.sound_manager: Sound system initialized successfully
2025-04-14 07:56:40 [WARNING] src.ui.sound_manager: Could not load sound: click
2025-04-14 07:56:40 [WARNING] src.ui.sound_manager: Could not load sound: hover
2025-04-14 07:56:40 [WARNING] src.ui.sound_manager: Could not load sound: transition
2025-04-14 07:56:40 [WARNING] src.ui.sound_manager: Could not load sound: start_game
2025-04-14 07:56:40 [WARNING] src.ui.sound_manager: Could not load sound: win
2025-04-14 07:56:40 [INFO] src.ui.menu_manager: Starting asset loading...
2025-04-14 07:56:40 [INFO] src.ui.menu_manager: Loading TMX maps...
2025-04-14 07:56:40 [INFO] src.utils.asset_loader: Current working directory: E:\a-game\Ludo-Pygame
2025-04-14 07:56:40 [INFO] src.utils.asset_loader: Trying path: assets\maps\assets_ver1\main_menu.tmx
2025-04-14 07:56:40 [INFO] src.utils.asset_loader: Found file at: assets\maps\assets_ver1\main_menu.tmx
2025-04-14 07:56:40 [INFO] src.utils.asset_loader: Attempting to load TMX file: assets\maps\assets_ver1\main_menu.tmx
2025-04-14 07:56:40 [INFO] src.utils.asset_loader: Parsing TMX file...
2025-04-14 07:56:40 [INFO] src.utils.asset_loader: Successfully parsed TMX file
2025-04-14 07:56:40 [INFO] src.utils.asset_loader: TMX directory: assets\maps\assets_ver1
2025-04-14 07:56:40 [INFO] src.utils.asset_loader: Assets directory: assets
2025-04-14 07:56:40 [INFO] src.utils.asset_loader: Processing tileset paths...
2025-04-14 07:56:40 [INFO] src.utils.asset_loader: Found tileset source: ../mapfinal/Water.tsx
2025-04-14 07:56:40 [INFO] src.utils.asset_loader: Updated tileset path: maps\mapfinal\Water.tsx
2025-04-14 07:56:40 [INFO] src.utils.asset_loader: Found tileset source: ../mapfinal/Tilemap_Elevation.tsx
2025-04-14 07:56:40 [INFO] src.utils.asset_loader: Updated tileset path: maps\mapfinal\Tilemap_Elevation.tsx
2025-04-14 07:56:40 [INFO] src.utils.asset_loader: Found tileset source: ../mapfinal/Tilemap_Flat.tsx
2025-04-14 07:56:40 [INFO] src.utils.asset_loader: Updated tileset path: maps\mapfinal\Tilemap_Flat.tsx
2025-04-14 07:56:40 [INFO] src.utils.asset_loader: Found tileset source: ../mapfinal/Tree1.tsx
2025-04-14 07:56:40 [INFO] src.utils.asset_loader: Updated tileset path: maps\mapfinal\Tree1.tsx
2025-04-14 07:56:40 [INFO] src.utils.asset_loader: Found tileset source: ../mapfinal/17.tsx
2025-04-14 07:56:40 [INFO] src.utils.asset_loader: Updated tileset path: maps\mapfinal\17.tsx
2025-04-14 07:56:40 [INFO] src.utils.asset_loader: Found tileset source: ../mapfinal/18.tsx
2025-04-14 07:56:40 [INFO] src.utils.asset_loader: Updated tileset path: maps\mapfinal\18.tsx
2025-04-14 07:56:40 [INFO] src.utils.asset_loader: Found tileset source: ../mapfinal/02.tsx
2025-04-14 07:56:40 [INFO] src.utils.asset_loader: Updated tileset path: maps\mapfinal\02.tsx
2025-04-14 07:56:40 [INFO] src.utils.asset_loader: Found tileset source: ../mapfinal/13.tsx
2025-04-14 07:56:40 [INFO] src.utils.asset_loader: Updated tileset path: maps\mapfinal\13.tsx
2025-04-14 07:56:40 [INFO] src.utils.asset_loader: Found tileset source: ../mapfinal/16.tsx
2025-04-14 07:56:40 [INFO] src.utils.asset_loader: Updated tileset path: maps\mapfinal\16.tsx
2025-04-14 07:56:40 [INFO] src.utils.asset_loader: Found tileset source: ../mapfinal/Bridge_All.tsx
2025-04-14 07:56:40 [INFO] src.utils.asset_loader: Updated tileset path: maps\mapfinal\Bridge_All.tsx
2025-04-14 07:56:40 [INFO] src.utils.asset_loader: Found tileset source: Banner_Connection_Left.tsx
2025-04-14 07:56:40 [INFO] src.utils.asset_loader: Updated tileset path: maps\assets_ver1\Banner_Connection_Left.tsx
2025-04-14 07:56:40 [INFO] src.utils.asset_loader: Found tileset source: Banner_Connection_Right.tsx
2025-04-14 07:56:40 [INFO] src.utils.asset_loader: Updated tileset path: maps\assets_ver1\Banner_Connection_Right.tsx
2025-04-14 07:56:40 [INFO] src.utils.asset_loader: Found tileset source: Ribbon_Blue_3Slides.tsx
2025-04-14 07:56:40 [INFO] src.utils.asset_loader: Updated tileset path: maps\assets_ver1\Ribbon_Blue_3Slides.tsx
2025-04-14 07:56:40 [INFO] src.utils.asset_loader: Processing layer offsets...
2025-04-14 07:56:40 [INFO] src.utils.asset_loader: Converted offsetx from 9.0 to 9 for layer ban
2025-04-14 07:56:40 [INFO] src.utils.asset_loader: Converted offsety from -91.0 to -91 for layer ban
2025-04-14 07:56:40 [INFO] src.utils.asset_loader: Converted offsetx from -9.0 to -9 for layer button
2025-04-14 07:56:40 [INFO] src.utils.asset_loader: Converted offsety from -103.0 to -103 for layer button
2025-04-14 07:56:40 [INFO] src.utils.asset_loader: Saving processed TMX to temp file...
2025-04-14 07:56:40 [INFO] src.utils.asset_loader: Saved to temp file: C:\Users\Admin\AppData\Local\Temp\tmp67y64wlj.tmx
2025-04-14 07:56:40 [INFO] src.utils.asset_loader: Loading processed TMX with PyTMX...
2025-04-14 07:56:40 [ERROR] src.utils.asset_loader: Error loading TMX maps/assets_ver1/main_menu.tmx: Cannot find tileset file maps\mapfinal\Water.tsx from C:\Users\Admin\AppData\Local\Temp\tmp67y64wlj.tmx, should be at C:\Users\Admin\AppData\Local\Temp\maps\mapfinal\Water.tsx
2025-04-14 07:56:40 [ERROR] src.utils.asset_loader: Stack trace: Traceback (most recent call last):
  File "e:\a-game\Ludo-Pygame\src\utils\asset_loader.py", line 131, in load_tmx
    tmx_map = pytmx.load_pygame(tmp_path)
  File "C:\Users\Admin\AppData\Local\Programs\Python\Python313\Lib\site-packages\pytmx\util_pygame.py", line 183, in load_pygame
    return pytmx.TiledMap(filename, *args, **kwargs)
           ~~~~~~~~~~~~~~^^^^^^^^^^^^^^^^^^^^^^^^^^^
  File "C:\Users\Admin\AppData\Local\Programs\Python\Python313\Lib\site-packages\pytmx\pytmx.py", line 549, in __init__
    self.parse_xml(ElementTree.parse(self.filename).getroot())
    ~~~~~~~~~~~~~~^^^^^^^^^^^^^^^^^^^^^^^^^^^^^^^^^^^^^^^^^^^^
  File "C:\Users\Admin\AppData\Local\Programs\Python\Python313\Lib\site-packages\pytmx\pytmx.py", line 610, in parse_xml
    self.add_tileset(TiledTileset(self, subnode))
                     ~~~~~~~~~~~~^^^^^^^^^^^^^^^
  File "C:\Users\Admin\AppData\Local\Programs\Python\Python313\Lib\site-packages\pytmx\pytmx.py", line 1208, in __init__
    self.parse_xml(node)
    ~~~~~~~~~~~~~~^^^^^^
  File "C:\Users\Admin\AppData\Local\Programs\Python\Python313\Lib\site-packages\pytmx\pytmx.py", line 1236, in parse_xml
    raise Exception(
    ...<3 lines>...
    )
Exception: Cannot find tileset file maps\mapfinal\Water.tsx from C:\Users\Admin\AppData\Local\Temp\tmp67y64wlj.tmx, should be at C:\Users\Admin\AppData\Local\Temp\maps\mapfinal\Water.tsx

2025-04-14 07:56:40 [ERROR] src.ui.menu_manager: Asset loading failed: Failed to load main menu map
